Removed Member From Class: ClassName=MCU Member=C9
Removed Member From Class: ClassName=Power Member=C9
Removed Member From Class: ClassName=Power Member=C18
Removed Member From Class: ClassName=Power Member=C19
Removed Member From Class: ClassName=MCU Member=D?
Removed Member From Class: ClassName=Power Member=D?
Removed Member From Class: ClassName=Power Member=R14
Removed Member From Class: ClassName=MCU Member=R20
Removed Member From Class: ClassName=Power Member=R21
Removed Member From Class: ClassName=Power Member=R23
Removed Member From Class: ClassName=MCU Member=U2
Change Component Designator: OldDesignator=C8 NewDesignator=C9
Change Component Designator: OldDesignator=C9 NewDesignator=C10
Change Component Designator: OldDesignator=C10 NewDesignator=C11
Change Component Designator: OldDesignator=C11 NewDesignator=C12
Change Component Designator: OldDesignator=C12 NewDesignator=C13
Change Component Designator: OldDesignator=C13 NewDesignator=C14
Change Component Designator: OldDesignator=C14 NewDesignator=C15
Change Component Designator: OldDesignator=C15 NewDesignator=C16
Change Component Designator: OldDesignator=C16 NewDesignator=C17
Change Component Designator: OldDesignator=C17 NewDesignator=C18
Change Component Designator: OldDesignator=C18 NewDesignator=C19
Change Component Designator: OldDesignator=C19 NewDesignator=C20
Change Component Designator: OldDesignator=C? NewDesignator=C8
Change Component Designator: OldDesignator=D1 NewDesignator=D3
Change Component Designator: OldDesignator=D2 NewDesignator=D4
Change Component Designator: OldDesignator=D3 NewDesignator=D5
Change Component Designator: OldDesignator=D4 NewDesignator=D6
Change Component Designator: OldDesignator=D? NewDesignator=D1
Change Component Designator: OldDesignator=D? NewDesignator=D2
Change Component Designator: OldDesignator=D? NewDesignator=D7
Change Component Designator: OldDesignator=J2 NewDesignator=J4
Change Component Designator: OldDesignator=J3 NewDesignator=J2
Change Component Designator: OldDesignator=J4 NewDesignator=J3
Add component: Footprint Not Found CAP_0805
Add component: Footprint Not Found CAP_0805
Add component: Footprint Not Found 0603_R
Add component: Footprint Not Found 0603_R
Add component: Footprint Not Found 0603_R
Add Pin To Net: Unknown Pin: Pin C3-1
Add Pin To Net: Unknown Pin: Pin C3-2
Add Pin To Net: Unknown Pin: Pin C4-1
Add Pin To Net: Unknown Pin: Pin C4-2
Add Pin To Net: Unknown Pin: Pin R1-1
Add Pin To Net: Unknown Pin: Pin R1-2
Add Pin To Net: Unknown Pin: Pin R6-1
Add Pin To Net: Unknown Pin: Pin R6-2
Add Pin To Net: Unknown Pin: Pin R7-1
Add Pin To Net: Unknown Pin: Pin R7-2
Change Net Name : Old Net Name=NetC14_1 New Net Name=NetC15_1
Change Net Name : Old Net Name=NetC14_2 New Net Name=NetC15_2
Change Net Name : Old Net Name=NetC17_1 New Net Name=NetC18_1
Change Net Name : Old Net Name=NetC17_2 New Net Name=NetC18_2
Add Class Member: Failed to add class member : Component C3 4.7uf
Add Class Member: Failed to add class member : Component C4 22uf
Added Member To Class: ClassName=Power Member=Component C5 1uF
Added Member To Class: ClassName=MCU Member=Component C7 1uF
Added Member To Class: ClassName=SIM7080G Member=Component C12 100uF
Added Member To Class: ClassName=SIM7080G Member=Component C13 100nF
Added Member To Class: ClassName=SIM7080G Member=Component C14 100nF
Added Member To Class: ClassName=SIM7080G Member=Component C15 100nF
Added Member To Class: ClassName=SIM7080G Member=Component C20 100nF
Added Member To Class: ClassName=Power Member=Component D1 ESD122DMX
Added Member To Class: ClassName=MCU Member=Component D2 SMAJ12A
Added Member To Class: ClassName=SIM7080G Member=Component J4 SIMCard
Add Class Member: Failed to add class member : Component R1 1.5k
Added Member To Class: ClassName=Power Member=Component R3 46.4k
Added Member To Class: ClassName=Power Member=Component R5 10k
Add Class Member: Failed to add class member : Component R6 1.18k
Add Class Member: Failed to add class member : Component R7 1.18k
Added Member To Class: ClassName=MCU Member=Component R11 1.13k
Added Member To Class: ClassName=SIM7080G Member=Component R12 4.3k
Added Member To Class: ClassName=SIM7080G Member=Component R13 4.3k
Added Member To Class: ClassName=SIM7080G Member=Component R15 43k
Added Member To Class: ClassName=SIM7080G Member=Component R16 4.3k
Added Member To Class: ClassName=SIM7080G Member=Component R17 4.3k
Added Member To Class: ClassName=SIM7080G Member=Component R18 43k
Added Member To Class: ClassName=MCU Member=Component U3 ESP32.S3
