Add component: Footprint Not Found CAP_0805
Add component: Footprint Not Found CAP_0805
Add component: Footprint Not Found CAP_0805
Add component: Footprint Not Found 0603_R
Add component: Footprint Not Found 0603_R
Add component: Footprint Not Found 0603_R
Add component: Footprint Not Found 0603_R
Add component: Footprint Not Found 0603_R
Add component: Footprint Not Found 0603_R
Add component: Footprint Not Found 0603_R
Add component: Footprint Not Found 0603_R
Add Pin To Net: Unknown Pin: Pin C20-1
Add Pin To Net: Unknown Pin: Pin C20-2
Add Pin To Net: Unknown Pin: Pin C21-1
Add Pin To Net: Unknown Pin: Pin C21-2
Add Pin To Net: Unknown Pin: Pin C27-1
Add Pin To Net: Unknown Pin: Pin C27-2
Add Pin To Net: Unknown Pin: Pin R13-1
Add Pin To Net: Unknown Pin: Pin R13-2
Add Pin To Net: Unknown Pin: Pin R14-1
Add Pin To Net: Unknown Pin: Pin R14-2
Add Pin To Net: Unknown Pin: Pin R23-1
Add Pin To Net: Unknown Pin: Pin R23-2
Add Pin To Net: Unknown Pin: Pin R24-1
Add Pin To Net: Unknown Pin: Pin R24-2
Add Pin To Net: Unknown Pin: Pin R25-1
Add Pin To Net: Unknown Pin: Pin R25-2
Add Pin To Net: Unknown Pin: Pin R26-1
Add Pin To Net: Unknown Pin: Pin R26-2
Add Pin To Net: Unknown Pin: Pin R27-1
Add Pin To Net: Unknown Pin: Pin R27-2
Add Pin To Net: Unknown Pin: Pin R28-1
Add Pin To Net: Unknown Pin: Pin R28-2
Add Pin To Net: Unknown Pin: Pin U2-0
Add Class Member: Failed to add class member : Component C20 1uF
Add Class Member: Failed to add class member : Component C21 4.7uf
Add Class Member: Failed to add class member : Component C27 22uf
Add Class Member: Failed to add class member : Component R13 1.5k
Add Class Member: Failed to add class member : Component R14 1.5k
Add Class Member: Failed to add class member : Component R23 1.13k
Add Class Member: Failed to add class member : Component R24 46.4k
Add Class Member: Failed to add class member : Component R25 1.18k
Add Class Member: Failed to add class member : Component R26 10k
Add Class Member: Failed to add class member : Component R27 1.18k
Add Class Member: Failed to add class member : Component R28 1.18k
