Removed Pin From Net: NetName=VUSB Pin=H1-A9
Removed Pin From Net: NetName=GND Pin=H1-A12
Removed Pin From Net: NetName=VUSB Pin=H1-B9
Removed Pin From Net: NetName=GND Pin=H1-B12
Removed Member From Class: ClassName=Power Member=H1
Added Component: Designator=C1(CAPC1608X90N)
Add component (AddParameter): Name = "Author"; Value = "CERN DEM HF"; VariantName = "[No Variations]"
Add component (AddParameter): Name = "Case"; Value = "0603"; VariantName = "[No Variations]"
Add component (AddParameter): Name = "Component Type"; Value = "Standard"; VariantName = "[No Variations]"
Add component (AddParameter): Name = "CreateDate"; Value = "7/10/2023"; VariantName = "[No Variations]"
Add component (AddParameter): Name = "HelpURL"; Value = "\\cern.ch\dfs\Applications\Altium\Datasheets\CC0603_X5R_AVX_0603ZD105KAT.pdf"; VariantName = "[No Variations]"
Add component (AddParameter): Name = "LatestRevisionDate"; Value = "7/10/2023"; VariantName = "[No Variations]"
Add component (AddParameter): Name = "Manufacturer"; Value = "GENERIC"; VariantName = "[No Variations]"
Add component (AddParameter): Name = "Manufacturer1 ComponentHeight"; Value = "0.9mm"; VariantName = "[No Variations]"
Add component (AddParameter): Name = "Manufacturer1 Example"; Value = "AVX"; VariantName = "[No Variations]"
Add component (AddParameter): Name = "Manufacturer1 Part Number"; Value = "0603ZD105KAT"; VariantName = "[No Variations]"
Add component (AddParameter): Name = "Manufacturer Part Number"; Value = "CC0603_1UF_10V_10%_X5R"; VariantName = "[No Variations]"
Add component (AddParameter): Name = "Mounted"; Value = "Yes"; VariantName = "[No Variations]"
Add component (AddParameter): Name = "Part Description"; Value = "SMD Multilayer Chip Ceramic Capacitor"; VariantName = "[No Variations]"
Add component (AddParameter): Name = "Part Number"; Value = "CC0603_1UF_10V_10%_X5R"; VariantName = "[No Variations]"
Add component (AddParameter): Name = "Pin Count"; Value = "2"; VariantName = "[No Variations]"
Add component (AddParameter): Name = "Sense"; Value = "No"; VariantName = "[No Variations]"
Add component (AddParameter): Name = "SMD"; Value = "Yes"; VariantName = "[No Variations]"
Add component (AddParameter): Name = "Socket"; Value = "No"; VariantName = "[No Variations]"
Add component (AddParameter): Name = "Status"; Value = "None"; VariantName = "[No Variations]"
Add component (AddParameter): Name = "TC"; Value = "X5R"; VariantName = "[No Variations]"
Add component (AddParameter): Name = "Tolerance"; Value = "±10%"; VariantName = "[No Variations]"
Add component (AddParameter): Name = "Value"; Value = "1uF"; VariantName = "[No Variations]"
Add component (AddParameter): Name = "Voltage"; Value = "10V"; VariantName = "[No Variations]"
Added Component: Designator=C2(CAPC1608X90N)
Add component (AddParameter): Name = "Author"; Value = "CERN DEM HF"; VariantName = "[No Variations]"
Add component (AddParameter): Name = "Case"; Value = "0603"; VariantName = "[No Variations]"
Add component (AddParameter): Name = "Component Type"; Value = "Standard"; VariantName = "[No Variations]"
Add component (AddParameter): Name = "CreateDate"; Value = "7/10/2023"; VariantName = "[No Variations]"
Add component (AddParameter): Name = "HelpURL"; Value = "\\cern.ch\dfs\Applications\Altium\Datasheets\CC0603_X5R_AVX_0603ZD105KAT.pdf"; VariantName = "[No Variations]"
Add component (AddParameter): Name = "LatestRevisionDate"; Value = "7/10/2023"; VariantName = "[No Variations]"
Add component (AddParameter): Name = "Manufacturer"; Value = "GENERIC"; VariantName = "[No Variations]"
Add component (AddParameter): Name = "Manufacturer1 ComponentHeight"; Value = "0.9mm"; VariantName = "[No Variations]"
Add component (AddParameter): Name = "Manufacturer1 Example"; Value = "AVX"; VariantName = "[No Variations]"
Add component (AddParameter): Name = "Manufacturer1 Part Number"; Value = "0603ZD105KAT"; VariantName = "[No Variations]"
Add component (AddParameter): Name = "Manufacturer Part Number"; Value = "CC0603_1UF_10V_10%_X5R"; VariantName = "[No Variations]"
Add component (AddParameter): Name = "Mounted"; Value = "Yes"; VariantName = "[No Variations]"
Add component (AddParameter): Name = "Part Description"; Value = "SMD Multilayer Chip Ceramic Capacitor"; VariantName = "[No Variations]"
Add component (AddParameter): Name = "Part Number"; Value = "CC0603_1UF_10V_10%_X5R"; VariantName = "[No Variations]"
Add component (AddParameter): Name = "Pin Count"; Value = "2"; VariantName = "[No Variations]"
Add component (AddParameter): Name = "Sense"; Value = "No"; VariantName = "[No Variations]"
Add component (AddParameter): Name = "SMD"; Value = "Yes"; VariantName = "[No Variations]"
Add component (AddParameter): Name = "Socket"; Value = "No"; VariantName = "[No Variations]"
Add component (AddParameter): Name = "Status"; Value = "None"; VariantName = "[No Variations]"
Add component (AddParameter): Name = "TC"; Value = "X5R"; VariantName = "[No Variations]"
Add component (AddParameter): Name = "Tolerance"; Value = "±10%"; VariantName = "[No Variations]"
Add component (AddParameter): Name = "Value"; Value = "1uF"; VariantName = "[No Variations]"
Add component (AddParameter): Name = "Voltage"; Value = "10V"; VariantName = "[No Variations]"
Add component: Footprint Not Found CAP_0805
Add component: Footprint Not Found CAP_0805
Add component: Footprint Not Found CAP_0805
Added Component: Designator=J1(GCT_USB4105-GF-A)
Add component (AddParameter): Name = "Author"; Value = "CERN DEM HF"; VariantName = "[No Variations]"
Add component (AddParameter): Name = "Component Type"; Value = "Standard"; VariantName = "[No Variations]"
Add component (AddParameter): Name = "ComponentHeight"; Value = "3.31mm"; VariantName = "[No Variations]"
Add component (AddParameter): Name = "CreateDate"; Value = "10/12/2023"; VariantName = "[No Variations]"
Add component (AddParameter): Name = "Family"; Value = "USB 2.0"; VariantName = "[No Variations]"
Add component (AddParameter): Name = "HelpURL"; Value = "\\cern.ch\dfs\Applications\Altium\Datasheets\GCT_USB4105-GF-A.pdf"; VariantName = "[No Variations]"
Add component (AddParameter): Name = "LatestRevisionDate"; Value = "10/12/2023"; VariantName = "[No Variations]"
Add component (AddParameter): Name = "Manufacturer"; Value = "GCT"; VariantName = "[No Variations]"
Add component (AddParameter): Name = "Manufacturer Part Number"; Value = "USB4105-GF-A"; VariantName = "[No Variations]"
Add component (AddParameter): Name = "Mounted"; Value = "Yes"; VariantName = "[No Variations]"
Add component (AddParameter): Name = "Part Description"; Value = "USB 2.0 Type C Receptacle 16 Contacts, SMD, horizontal"; VariantName = "[No Variations]"
Add component (AddParameter): Name = "Part Number"; Value = "GCT_USB4105-GF-A"; VariantName = "[No Variations]"
Add component (AddParameter): Name = "Pin Count"; Value = "20"; VariantName = "[No Variations]"
Add component (AddParameter): Name = "PressFit"; Value = "No"; VariantName = "[No Variations]"
Add component (AddParameter): Name = "Sense"; Value = "No"; VariantName = "[No Variations]"
Add component (AddParameter): Name = "SMD"; Value = "Yes"; VariantName = "[No Variations]"
Add component (AddParameter): Name = "Socket"; Value = "No"; VariantName = "[No Variations]"
Add component (AddParameter): Name = "Status"; Value = "None"; VariantName = "[No Variations]"
Added Component: Designator=R1(RESC1608X55N)
Add component (AddParameter): Name = "Author"; Value = "CERN DEM JLC"; VariantName = "[No Variations]"
Add component (AddParameter): Name = "Case"; Value = "0603"; VariantName = "[No Variations]"
Add component (AddParameter): Name = "Component Type"; Value = "Standard"; VariantName = "[No Variations]"
Add component (AddParameter): Name = "CreateDate"; Value = "12/3/2007"; VariantName = "[No Variations]"
Add component (AddParameter): Name = "HelpURL"; Value = "\\cern.ch\dfs\Applications\Altium\Datasheets\R0603_NIC_NRC.pdf"; VariantName = "[No Variations]"
Add component (AddParameter): Name = "LatestRevisionDate"; Value = "3/13/2008"; VariantName = "[No Variations]"
Add component (AddParameter): Name = "Manufacturer"; Value = "GENERIC"; VariantName = "[No Variations]"
Add component (AddParameter): Name = "Manufacturer1 ComponentHeight"; Value = "0.55mm"; VariantName = "[No Variations]"
Add component (AddParameter): Name = "Manufacturer1 Example"; Value = "NIC COMPONENT"; VariantName = "[No Variations]"
Add component (AddParameter): Name = "Manufacturer1 Part Number"; Value = "NRC06F5102TRF"; VariantName = "[No Variations]"
Add component (AddParameter): Name = "Manufacturer Part Number"; Value = "R0603_51K_1%_0.1W_100PPM"; VariantName = "[No Variations]"
Add component (AddParameter): Name = "Mounted"; Value = "Yes"; VariantName = "[No Variations]"
Add component (AddParameter): Name = "Part Description"; Value = "General Purpose Thick Film Chip Resistor"; VariantName = "[No Variations]"
Add component (AddParameter): Name = "Part Number"; Value = "R0603_51K_1%_0.1W_100PPM"; VariantName = "[No Variations]"
Add component (AddParameter): Name = "Pin Count"; Value = "2"; VariantName = "[No Variations]"
Add component (AddParameter): Name = "Power"; Value = "0.1W"; VariantName = "[No Variations]"
Add component (AddParameter): Name = "PressFit"; Value = "No"; VariantName = "[No Variations]"
Add component (AddParameter): Name = "Sense"; Value = "No"; VariantName = "[No Variations]"
Add component (AddParameter): Name = "SMD"; Value = "Yes"; VariantName = "[No Variations]"
Add component (AddParameter): Name = "Socket"; Value = "No"; VariantName = "[No Variations]"
Add component (AddParameter): Name = "Status"; Value = "Preferred"; VariantName = "[No Variations]"
Add component (AddParameter): Name = "TC"; Value = "±100ppm/°C"; VariantName = "[No Variations]"
Add component (AddParameter): Name = "Tolerance"; Value = "±1%"; VariantName = "[No Variations]"
Add component (AddParameter): Name = "Value"; Value = "51k"; VariantName = "[No Variations]"
Added Component: Designator=R2(RESC1608X55N)
Add component (AddParameter): Name = "Author"; Value = "CERN DEM JLC"; VariantName = "[No Variations]"
Add component (AddParameter): Name = "Case"; Value = "0603"; VariantName = "[No Variations]"
Add component (AddParameter): Name = "Component Type"; Value = "Standard"; VariantName = "[No Variations]"
Add component (AddParameter): Name = "CreateDate"; Value = "12/3/2007"; VariantName = "[No Variations]"
Add component (AddParameter): Name = "HelpURL"; Value = "\\cern.ch\dfs\Applications\Altium\Datasheets\R0603_NIC_NRC.pdf"; VariantName = "[No Variations]"
Add component (AddParameter): Name = "LatestRevisionDate"; Value = "3/13/2008"; VariantName = "[No Variations]"
Add component (AddParameter): Name = "Manufacturer"; Value = "GENERIC"; VariantName = "[No Variations]"
Add component (AddParameter): Name = "Manufacturer1 ComponentHeight"; Value = "0.55mm"; VariantName = "[No Variations]"
Add component (AddParameter): Name = "Manufacturer1 Example"; Value = "NIC COMPONENT"; VariantName = "[No Variations]"
Add component (AddParameter): Name = "Manufacturer1 Part Number"; Value = "NRC06F5102TRF"; VariantName = "[No Variations]"
Add component (AddParameter): Name = "Manufacturer Part Number"; Value = "R0603_51K_1%_0.1W_100PPM"; VariantName = "[No Variations]"
Add component (AddParameter): Name = "Mounted"; Value = "Yes"; VariantName = "[No Variations]"
Add component (AddParameter): Name = "Part Description"; Value = "General Purpose Thick Film Chip Resistor"; VariantName = "[No Variations]"
Add component (AddParameter): Name = "Part Number"; Value = "R0603_51K_1%_0.1W_100PPM"; VariantName = "[No Variations]"
Add component (AddParameter): Name = "Pin Count"; Value = "2"; VariantName = "[No Variations]"
Add component (AddParameter): Name = "Power"; Value = "0.1W"; VariantName = "[No Variations]"
Add component (AddParameter): Name = "PressFit"; Value = "No"; VariantName = "[No Variations]"
Add component (AddParameter): Name = "Sense"; Value = "No"; VariantName = "[No Variations]"
Add component (AddParameter): Name = "SMD"; Value = "Yes"; VariantName = "[No Variations]"
Add component (AddParameter): Name = "Socket"; Value = "No"; VariantName = "[No Variations]"
Add component (AddParameter): Name = "Status"; Value = "Preferred"; VariantName = "[No Variations]"
Add component (AddParameter): Name = "TC"; Value = "±100ppm/°C"; VariantName = "[No Variations]"
Add component (AddParameter): Name = "Tolerance"; Value = "±1%"; VariantName = "[No Variations]"
Add component (AddParameter): Name = "Value"; Value = "51k"; VariantName = "[No Variations]"
Add component: Footprint Not Found 0603_R
Add component: Footprint Not Found 0603_R
Add component: Footprint Not Found 0603_R
Add component: Footprint Not Found 0603_R
Add component: Footprint Not Found 0603_R
Add component: Footprint Not Found 0603_R
Add component: Footprint Not Found 0603_R
Add component: Footprint Not Found 0603_R
Added Pin To Net: NetName=GND Pin=C1-1
Added Pin To Net: NetName=VBAT Pin=C1-2
Added Pin To Net: NetName=GND Pin=C2-1
Added Pin To Net: NetName=VUSB Pin=C2-2
Add Pin To Net: Unknown Pin: Pin C20-1
Add Pin To Net: Unknown Pin: Pin C20-2
Add Pin To Net: Unknown Pin: Pin C21-1
Add Pin To Net: Unknown Pin: Pin C21-2
Add Pin To Net: Unknown Pin: Pin C27-1
Add Pin To Net: Unknown Pin: Pin C27-2
Added Pin To Net: NetName=GND Pin=J1-A1
Added Pin To Net: NetName=VUSB Pin=J1-A9
Added Pin To Net: NetName=GND Pin=J1-A12
Added Pin To Net: NetName=GND Pin=R1-1
Added Pin To Net: NetName=GND Pin=R2-2
Add Pin To Net: Unknown Pin: Pin R13-1
Add Pin To Net: Unknown Pin: Pin R13-2
Add Pin To Net: Unknown Pin: Pin R14-1
Add Pin To Net: Unknown Pin: Pin R14-2
Add Pin To Net: Unknown Pin: Pin R23-1
Add Pin To Net: Unknown Pin: Pin R23-2
Add Pin To Net: Unknown Pin: Pin R24-1
Add Pin To Net: Unknown Pin: Pin R24-2
Add Pin To Net: Unknown Pin: Pin R25-1
Add Pin To Net: Unknown Pin: Pin R25-2
Add Pin To Net: Unknown Pin: Pin R26-1
Add Pin To Net: Unknown Pin: Pin R26-2
Add Pin To Net: Unknown Pin: Pin R27-1
Add Pin To Net: Unknown Pin: Pin R27-2
Add Pin To Net: Unknown Pin: Pin R28-1
Add Pin To Net: Unknown Pin: Pin R28-2
Add Pin To Net: Unknown Pin: Pin U2-0
Added Pin To Net: NetName=NetJ1_A5 Pin=J1-A5
Added Pin To Net: NetName=NetJ1_A5 Pin=R1-2
Added Net: Name=NetJ1_A5
Added Pin To Net: NetName=NetJ1_B5 Pin=J1-B5
Added Pin To Net: NetName=NetJ1_B5 Pin=R2-1
Added Net: Name=NetJ1_B5
Added Pin To Net: NetName=USB.Data.+ Pin=J1-A6
Added Pin To Net: NetName=USB.Data.+ Pin=J1-B6
Added Net: Name=USB.Data.+
Added Pin To Net: NetName=USB.Data.- Pin=J1-A7
Added Pin To Net: NetName=USB.Data.- Pin=J1-B7
Added Net: Name=USB.Data.-
Added Member To Class: ClassName=Power Member=Component C1 1uF
Added Member To Class: ClassName=Power Member=Component C2 1uF
Add Class Member: Failed to add class member : Component C20 1uF
Add Class Member: Failed to add class member : Component C21 4.7uf
Add Class Member: Failed to add class member : Component C27 22uf
Added Member To Class: ClassName=Power Member=Component J1 USB 2.0
Added Member To Class: ClassName=Power Member=Component R1 51k
Added Member To Class: ClassName=Power Member=Component R2 51k
Add Class Member: Failed to add class member : Component R13 1.5k
Add Class Member: Failed to add class member : Component R14 1.5k
Add Class Member: Failed to add class member : Component R23 1.13k
Add Class Member: Failed to add class member : Component R24 46.4k
Add Class Member: Failed to add class member : Component R25 1.18k
Add Class Member: Failed to add class member : Component R26 10k
Add Class Member: Failed to add class member : Component R27 1.18k
Add Class Member: Failed to add class member : Component R28 1.18k
